G:\KIDS SPECIFIC\ZAINAB\PROJECTS\CRICKETMATCH7\CRICKETMATCH\DEBUG\MAIN.OBJ
G:\KIDS SPECIFIC\ZAINAB\PROJECTS\CRICKETMATCH7\CRICKETMATCH\DEBUG\SOURCE1.OBJ
G:\KIDS SPECIFIC\ZAINAB\PROJECTS\CRICKETMATCH7\CRICKETMATCH\DEBUG\TEAMA.OBJ
G:\KIDS SPECIFIC\ZAINAB\PROJECTS\CRICKETMATCH7\CRICKETMATCH\DEBUG\TEAMABATTING.OBJ
G:\KIDS SPECIFIC\ZAINAB\PROJECTS\CRICKETMATCH7\CRICKETMATCH\DEBUG\TEAMB.OBJ
G:\KIDS SPECIFIC\ZAINAB\PROJECTS\CRICKETMATCH7\CRICKETMATCH\DEBUG\TEAMBBATTING.OBJ
G:\KIDS SPECIFIC\ZAINAB\PROJECTS\CRICKETMATCH7\CRICKETMATCH\DEBUG\VC110.PDB
G:\Kids Specific\Zainab\Projects\CricketMatch7\CricketMatch\Debug\Main.obj
G:\Kids Specific\Zainab\Projects\CricketMatch7\CricketMatch\Debug\Source1.obj
G:\Kids Specific\Zainab\Projects\CricketMatch7\CricketMatch\Debug\TeamA.obj
G:\Kids Specific\Zainab\Projects\CricketMatch7\CricketMatch\Debug\TeamABatting.obj
G:\Kids Specific\Zainab\Projects\CricketMatch7\CricketMatch\Debug\TeamB.obj
G:\Kids Specific\Zainab\Projects\CricketMatch7\CricketMatch\Debug\TeamBBatting.obj
G:\Kids Specific\Zainab\Projects\CricketMatch7\CricketMatch\Debug\cl.command.1.tlog
G:\Kids Specific\Zainab\Projects\CricketMatch7\CricketMatch\Debug\CL.read.1.tlog
G:\Kids Specific\Zainab\Projects\CricketMatch7\CricketMatch\Debug\CL.write.1.tlog
G:\Kids Specific\Zainab\Projects\CricketMatch7\CricketMatch\Debug\link-cvtres.read.1.tlog
G:\Kids Specific\Zainab\Projects\CricketMatch7\CricketMatch\Debug\link-cvtres.write.1.tlog
G:\Kids Specific\Zainab\Projects\CricketMatch7\CricketMatch\Debug\link-rc.read.1.tlog
G:\Kids Specific\Zainab\Projects\CricketMatch7\CricketMatch\Debug\link-rc.write.1.tlog
G:\Kids Specific\Zainab\Projects\CricketMatch7\CricketMatch\Debug\link.command.1.tlog
G:\Kids Specific\Zainab\Projects\CricketMatch7\CricketMatch\Debug\link.read.1.tlog
G:\Kids Specific\Zainab\Projects\CricketMatch7\CricketMatch\Debug\link.write.1.tlog
G:\Kids Specific\Zainab\Projects\CricketMatch7\CricketMatch\Debug\vc110.idb
G:\Kids Specific\Zainab\Projects\CricketMatch7\CricketMatch\Debug\vc110.pdb
G:\Kids Specific\Zainab\Projects\CricketMatch7\Debug\CricketMatch.pdb
